TN:
SF:api/helpers.js
FN:5,CommentReferenceError
FN:18,joiResponseErrorHandler
FN:26,(anonymous_2)
FN:36,defaultResponseErrorHandler
FN:48,mongooseResponseValidationErrorHandler
FN:72,(anonymous_5)
FN:87,(anonymous_6)
FN:96,(anonymous_7)
FN:105,(anonymous_8)
FNF:9
FNH:0
FNDA:0,CommentReferenceError
FNDA:0,joiResponseErrorHandler
FNDA:0,(anonymous_2)
FNDA:0,defaultResponseErrorHandler
FNDA:0,mongooseResponseValidationErrorHandler
FNDA:0,(anonymous_5)
FNDA:0,(anonymous_6)
FNDA:0,(anonymous_7)
FNDA:0,(anonymous_8)
DA:6,0
DA:7,0
DA:8,0
DA:11,0
DA:12,0
DA:19,0
DA:20,0
DA:26,0
DA:27,0
DA:30,0
DA:33,0
DA:37,0
DA:43,0
DA:45,0
DA:49,0
DA:50,0
DA:56,0
DA:57,0
DA:58,0
DA:59,0
DA:60,0
DA:64,0
DA:67,0
DA:70,0
DA:72,0
DA:74,0
DA:76,0
DA:78,0
DA:79,0
DA:80,0
DA:84,0
DA:87,0
DA:88,0
DA:93,0
DA:96,0
DA:97,0
DA:102,0
DA:105,0
DA:106,0
DA:107,0
DA:112,0
LF:41
LH:0
BRDA:7,0,0,0
BRDA:7,0,1,0
BRDA:19,1,0,0
BRDA:19,1,1,0
BRDA:49,2,0,0
BRDA:49,2,1,0
BRDA:49,3,0,0
BRDA:49,3,1,0
BRDA:59,4,0,0
BRDA:59,4,1,0
BRDA:78,5,0,0
BRDA:78,5,1,0
BRDA:80,6,0,0
BRDA:80,6,1,0
BRDA:106,7,0,0
BRDA:106,7,1,0
BRF:16
BRH:0
end_of_record
TN:
SF:api/index.js
FN:3,(anonymous_0)
FN:5,(anonymous_1)
FN:22,(anonymous_2)
FN:29,(anonymous_3)
FN:30,(anonymous_4)
FN:79,(anonymous_5)
FNF:6
FNH:0
FNDA:0,(anonymous_0)
FNDA:0,(anonymous_1)
FNDA:0,(anonymous_2)
FNDA:0,(anonymous_3)
FNDA:0,(anonymous_4)
FNDA:0,(anonymous_5)
DA:1,0
DA:3,0
DA:5,0
DA:6,0
DA:10,0
DA:11,0
DA:13,0
DA:14,0
DA:15,0
DA:16,0
DA:17,0
DA:19,0
DA:22,0
DA:26,0
DA:29,0
DA:30,0
DA:31,0
DA:33,0
DA:34,0
DA:35,0
DA:37,0
DA:40,0
DA:41,0
DA:42,0
DA:43,0
DA:44,0
DA:45,0
DA:46,0
DA:47,0
DA:48,0
DA:49,0
DA:50,0
DA:51,0
DA:52,0
DA:53,0
DA:54,0
DA:55,0
DA:56,0
DA:57,0
DA:58,0
DA:59,0
DA:60,0
DA:61,0
DA:62,0
DA:63,0
DA:64,0
DA:65,0
DA:66,0
DA:68,0
DA:69,0
DA:71,0
DA:80,0
DA:84,0
DA:87,0
DA:91,0
LF:55
LH:0
BRDA:10,0,0,0
BRDA:10,0,1,0
BRDA:31,1,0,0
BRDA:31,1,1,0
BRF:4
BRH:0
end_of_record
TN:
SF:api/validations.js
FN:5,(anonymous_0)
FN:14,schemaForStatusCode
FNF:2
FNH:0
FNDA:0,(anonymous_0)
FNDA:0,schemaForStatusCode
DA:1,0
DA:2,0
DA:3,0
DA:5,0
DA:6,0
DA:9,0
DA:15,0
DA:19,0
DA:21,0
DA:28,0
DA:33,0
DA:39,0
DA:45,0
DA:51,0
DA:57,0
DA:63,0
DA:70,0
DA:72,0
DA:74,0
DA:76,0
DA:78,0
DA:80,0
LF:22
LH:0
BRF:0
BRH:0
end_of_record
